#
# There is insufficient memory for the Java Runtime Environment to continue.
# Native memory allocation (malloc) failed to allocate 179536 bytes for Chunk::new
# Possible reasons:
#   The system is out of physical RAM or swap space
#   In 32 bit mode, the process size limit was hit
# Possible solutions:
#   Reduce memory load on the system
#   Increase physical memory or swap space
#   Check if swap backing store is full
#   Use 64 bit Java on a 64 bit OS
#   Decrease Java heap size (-Xmx/-Xms)
#   Decrease number of Java threads
#   Decrease Java thread stack sizes (-Xss)
#   Set larger code cache with -XX:ReservedCodeCacheSize=
# This output file may be truncated or incomplete.
#
#  Out of Memory Error (allocation.cpp:323), pid=1152, tid=8264
#
# JRE version: Java(TM) SE Runtime Environment (7.0_79-b15) (build 1.7.0_79-b15)
# Java VM: Java HotSpot(TM) 64-Bit Server VM (24.79-b02 mixed mode windows-amd64 compressed oops)
# Failed to write core dump. Minidumps are not enabled by default on client versions of Windows
#

---------------  T H R E A D  ---------------

Current thread (0x0000000008f70800):  JavaThread "C2 CompilerThread1" daemon [_thread_in_native, id=8264, stack(0x000000000a5e0000,0x000000000a6e0000)]

Stack: [0x000000000a5e0000,0x000000000a6e0000]

Current CompileTask:
C2:    774  131   !         com.android.dx.cf.cst.ConstantPoolParser::parse0 (731 bytes)


---------------  P R O C E S S  ---------------

Java Threads: ( => current thread )
  0x000000000aa87000 JavaThread "pool-1-thread-4" [_thread_in_Java, id=7740, stack(0x000000000b0e0000,0x000000000b1e0000)]
  0x000000000aa8a000 JavaThread "pool-1-thread-3" [_thread_in_Java, id=7844, stack(0x000000000afe0000,0x000000000b0e0000)]
  0x000000000aac4000 JavaThread "pool-1-thread-2" [_thread_in_vm, id=8336, stack(0x000000000aee0000,0x000000000afe0000)]
  0x000000000a943000 JavaThread "pool-2-thread-1" [_thread_blocked, id=4020, stack(0x000000000ade0000,0x000000000aee0000)]
  0x0000000008f73000 JavaThread "Service Thread" daemon [_thread_blocked, id=6760, stack(0x000000000a6e0000,0x000000000a7e0000)]
=>0x0000000008f70800 JavaThread "C2 CompilerThread1" daemon [_thread_in_native, id=8264, stack(0x000000000a5e0000,0x000000000a6e0000)]
  0x0000000008f6e800 JavaThread "C2 CompilerThread0" daemon [_thread_in_native, id=7868, stack(0x000000000a4e0000,0x000000000a5e0000)]
  0x0000000008f6d800 JavaThread "Attach Listener" daemon [_thread_blocked, id=8136, stack(0x000000000a3e0000,0x000000000a4e0000)]
  0x0000000008f6b000 JavaThread "Signal Dispatcher" daemon [_thread_blocked, id=4632, stack(0x000000000a2e0000,0x000000000a3e0000)]
  0x0000000008f1e800 JavaThread "Finalizer" daemon [_thread_blocked, id=8232, stack(0x000000000a1e0000,0x000000000a2e0000)]
  0x0000000008f15000 JavaThread "Reference Handler" daemon [_thread_blocked, id=3124, stack(0x000000000a0e0000,0x000000000a1e0000)]
  0x0000000002fc0800 JavaThread "main" [_thread_blocked, id=7676, stack(0x0000000002b00000,0x0000000002c00000)]

Other Threads:
  0x0000000008f10000 VMThread [stack: 0x0000000009fe0000,0x000000000a0e0000] [id=5216]
  0x0000000008f95000 WatcherThread [stack: 0x000000000a7e0000,0x000000000a8e0000] [id=8876]

VM state:not at safepoint (normal execution)

VM Mutex/Monitor currently owned by a thread: None

Heap
 PSYoungGen      total 18944K, used 7532K [0x00000000eaa80000, 0x00000000ecf80000, 0x0000000100000000)
  eden space 16384K, 30% used [0x00000000eaa80000,0x00000000eaf60678,0x00000000eba80000)
  from space 2560K, 99% used [0x00000000eba80000,0x00000000ebcfaba0,0x00000000ebd00000)
  to   space 2560K, 0% used [0x00000000ecd00000,0x00000000ecd00000,0x00000000ecf80000)
 ParOldGen       total 42496K, used 2369K [0x00000000c0000000, 0x00000000c2980000, 0x00000000eaa80000)
  object space 42496K, 5% used [0x00000000c0000000,0x00000000c0250428,0x00000000c2980000)
 PSPermGen       total 21504K, used 5344K [0x00000000bae00000, 0x00000000bc300000, 0x00000000c0000000)
  object space 21504K, 24% used [0x00000000bae00000,0x00000000bb338070,0x00000000bc300000)

Card table byte_map: [0x0000000006180000,0x00000000063b0000] byte_map_base: 0x0000000005ba9000

Polling page: 0x0000000001320000

Code Cache  [0x00000000030c0000, 0x0000000003330000, 0x00000000060c0000)
 total_blobs=351 nmethods=135 adapters=168 free_code_cache=48562Kb largest_free_block=49703808

Compilation events (10 events):
Event: 0.730 Thread 0x0000000008f6e800 nmethod 132 0x00000000031500d0 code [0x0000000003150240, 0x0000000003150558]
Event: 0.730 Thread 0x0000000008f6e800  133   !         com.android.dx.cf.cst.ConstantPoolParser::determineOffsets (285 bytes)
Event: 0.734 Thread 0x0000000008f6e800 nmethod 133 0x000000000313c150 code [0x000000000313c360, 0x000000000313c618]
Event: 0.735 Thread 0x0000000008f6e800  134             com.android.dx.rop.cst.StdConstantPool::set (123 bytes)
Event: 0.738 Thread 0x0000000008f6e800 nmethod 134 0x000000000313cbd0 code [0x000000000313cd40, 0x000000000313d018]
Event: 0.738 Thread 0x0000000008f6e800  135             java.util.HashMap::put (142 bytes)
Event: 0.751 Thread 0x0000000008f6e800 nmethod 135 0x0000000003153950 code [0x0000000003153b60, 0x00000000031542c0]
Event: 0.752 Thread 0x0000000008f6e800  136             com.android.dx.util.ByteArray::getByte0 (12 bytes)
Event: 0.752 Thread 0x0000000008f6e800 nmethod 136 0x000000000313be90 code [0x000000000313bfc0, 0x000000000313c058]
Event: 0.752 Thread 0x0000000008f6e800  137             com.android.dx.dex.cf.CfTranslator::translate0 (259 bytes)

GC Heap History (2 events):
Event: 0.655 GC heap before
{Heap before GC invocations=1 (full 0):
 PSYoungGen      total 18944K, used 16384K [0x00000000eaa80000, 0x00000000ebf80000, 0x0000000100000000)
  eden space 16384K, 100% used [0x00000000eaa80000,0x00000000eba80000,0x00000000eba80000)
  from space 2560K, 0% used [0x00000000ebd00000,0x00000000ebd00000,0x00000000ebf80000)
  to   space 2560K, 0% used [0x00000000eba80000,0x00000000eba80000,0x00000000ebd00000)
 ParOldGen       total 42496K, used 0K [0x00000000c0000000, 0x00000000c2980000, 0x00000000eaa80000)
  object space 42496K, 0% used [0x00000000c0000000,0x00000000c0000000,0x00000000c2980000)
 PSPermGen       total 21504K, used 5264K [0x00000000bae00000, 0x00000000bc300000, 0x00000000c0000000)
  object space 21504K, 24% used [0x00000000bae00000,0x00000000bb3240e0,0x00000000bc300000)
Event: 0.668 GC heap after
Heap after GC invocations=1 (full 0):
 PSYoungGen      total 18944K, used 2538K [0x00000000eaa80000, 0x00000000ecf80000, 0x0000000100000000)
  eden space 16384K, 0% used [0x00000000eaa80000,0x00000000eaa80000,0x00000000eba80000)
  from space 2560K, 99% used [0x00000000eba80000,0x00000000ebcfaba0,0x00000000ebd00000)
  to   space 2560K, 0% used [0x00000000ecd00000,0x00000000ecd00000,0x00000000ecf80000)
 ParOldGen       total 42496K, used 2369K [0x00000000c0000000, 0x00000000c2980000, 0x00000000eaa80000)
  object space 42496K, 5% used [0x00000000c0000000,0x00000000c0250428,0x00000000c2980000)
 PSPermGen       total 21504K, used 5264K [0x00000000bae00000, 0x00000000bc300000, 0x00000000c0000000)
  object space 21504K, 24% used [0x00000000bae00000,0x00000000bb3240e0,0x00000000bc300000)
}

Deoptimization events (10 events):
Event: 0.567 Thread 0x0000000002fc0800 Uncommon trap: reason=bimorphic action=maybe_recompile pc=0x0000000003137ec8 method=java.util.HashMap.getEntry(Ljava/lang/Object;)Ljava/util/HashMap$Entry; @ 68
Event: 0.568 Thread 0x000000000aac4000 Uncommon trap: reason=bimorphic action=maybe_recompile pc=0x0000000003137ec8 method=java.util.HashMap.getEntry(Ljava/lang/Object;)Ljava/util/HashMap$Entry; @ 68
Event: 0.582 Thread 0x000000000aac4000 Uncommon trap: reason=unreached action=reinterpret pc=0x0000000003140b04 method=com.android.dx.rop.code.RopMethod.calcPredecessors()V @ 115
Event: 0.588 Thread 0x000000000aac4000 Uncommon trap: reason=class_check action=maybe_recompile pc=0x000000000313aa3c method=com.android.dx.ssa.SsaBasicBlock.forEachInsn(Lcom/android/dx/ssa/SsaInsn$Visitor;)V @ 23
Event: 0.589 Thread 0x000000000aac4000 Uncommon trap: reason=class_check action=maybe_recompile pc=0x000000000313aa3c method=com.android.dx.ssa.SsaBasicBlock.forEachInsn(Lcom/android/dx/ssa/SsaInsn$Visitor;)V @ 23
Event: 0.590 Thread 0x000000000aac4000 Uncommon trap: reason=class_check action=maybe_recompile pc=0x000000000313aa3c method=com.android.dx.ssa.SsaBasicBlock.forEachInsn(Lcom/android/dx/ssa/SsaInsn$Visitor;)V @ 23
Event: 0.590 Thread 0x000000000aac4000 Uncommon trap: reason=class_check action=maybe_recompile pc=0x000000000313aa3c method=com.android.dx.ssa.SsaBasicBlock.forEachInsn(Lcom/android/dx/ssa/SsaInsn$Visitor;)V @ 23
Event: 0.620 Thread 0x000000000aa8a000 Uncommon trap: reason=unreached action=reinterpret pc=0x000000000312bc44 method=com.android.dx.rop.cst.Constant.compareTo(Lcom/android/dx/rop/cst/Constant;)I @ 12
Event: 0.689 Thread 0x000000000a9f3800 Uncommon trap: reason=null_check action=make_not_entrant pc=0x000000000314b3d4 method=com.android.dx.rop.code.LocalItem.equals(Ljava/lang/Object;)Z @ 1
Event: 0.693 Thread 0x0000000002fc0800 Uncommon trap: reason=null_check action=make_not_entrant pc=0x000000000314b3d4 method=com.android.dx.rop.code.LocalItem.equals(Ljava/lang/Object;)Z @ 1

Internal exceptions (10 events):
Event: 0.568 Thread 0x000000000aac4000 Threw 0x00000000eb40e280 at C:\re\jdk7u79\2331\hotspot\src\share\vm\prims\jvm.cpp:1304
Event: 0.568 Thread 0x0000000002fc0800 Threw 0x00000000eb74a4b8 at C:\re\jdk7u79\2331\hotspot\src\share\vm\prims\jvm.cpp:1304
Event: 0.570 Thread 0x0000000002fc0800 Threw 0x00000000eb74d818 at C:\re\jdk7u79\2331\hotspot\src\share\vm\prims\jvm.cpp:1304
Event: 0.578 Thread 0x000000000aa8a000 Threw 0x00000000eb76f720 at C:\re\jdk7u79\2331\hotspot\src\share\vm\prims\jvm.cpp:1304
Event: 0.587 Thread 0x000000000aac4000 Threw 0x00000000eb7e7ba0 at C:\re\jdk7u79\2331\hotspot\src\share\vm\prims\jvm.cpp:1304
Event: 0.643 Thread 0x000000000aac4000 Threw 0x00000000eb8a4ed8 at C:\re\jdk7u79\2331\hotspot\src\share\vm\prims\jvm.cpp:1304
Event: 0.688 Thread 0x0000000002fc0800 Implicit null exception at 0x000000000314afdb to 0x000000000314b3c1
Event: 0.689 Thread 0x000000000a9f3800 Implicit null exception at 0x000000000314afdb to 0x000000000314b3c1
Event: 0.730 Thread 0x0000000002fc0800 Threw 0x00000000ead7fa90 at C:\re\jdk7u79\2331\hotspot\src\share\vm\prims\jvm.cpp:1304
Event: 0.754 Thread 0x000000000aac4000 Threw 0x00000000eabd3a40 at C:\re\jdk7u79\2331\hotspot\src\share\vm\prims\jvm.cpp:1304

Events (10 events):
Event: 0.754 loading class 0x000000000a9a86c0
Event: 0.754 loading class 0x000000000a9a86c0 done
Event: 0.759 loading class 0x000000000303a070
Event: 0.764 loading class 0x000000000303a010
Event: 0.765 loading class 0x000000000303a070 done
Event: 0.765 loading class 0x000000000303a040
Event: 0.765 loading class 0x000000000303a040 done
Event: 0.769 loading class 0x000000000303a010 done
Event: 0.769 loading class 0x0000000003039fe0
Event: 0.769 loading class 0x0000000003039fe0 done


Dynamic libraries:
0x00007ff6a74c0000 - 0x00007ff6a74f3000 	C:\Program Files\Java\jdk1.7.0_79\bin\java.exe
0x00007fffd1ad0000 - 0x00007fffd1c7c000 	C:\windows\SYSTEM32\ntdll.dll
0x00007fffd1290000 - 0x00007fffd13ce000 	C:\windows\system32\KERNEL32.DLL
0x00007fffceed0000 - 0x00007fffcefe5000 	C:\windows\system32\KERNELBASE.dll
0x00007fffcd7c0000 - 0x00007fffcd84e000 	C:\windows\system32\apphelp.dll
0x00007fffba9c0000 - 0x00007fffbaa13000 	C:\windows\AppPatch\AppPatch64\AcGenral.DLL
0x00007fffd17a0000 - 0x00007fffd184a000 	C:\windows\system32\msvcrt.dll
0x00007fffce9f0000 - 0x00007fffcea1e000 	C:\windows\SYSTEM32\SspiCli.dll
0x00007fffd1010000 - 0x00007fffd1064000 	C:\windows\system32\SHLWAPI.dll
0x00007fffcf1c0000 - 0x00007fffcf337000 	C:\windows\system32\USER32.dll
0x00007fffd13e0000 - 0x00007fffd1574000 	C:\windows\system32\ole32.dll
0x00007fffcf930000 - 0x00007fffd0e5b000 	C:\windows\system32\SHELL32.dll
0x00007fffce1c0000 - 0x00007fffce1e1000 	C:\windows\SYSTEM32\USERENV.dll
0x00007fffd1850000 - 0x00007fffd18fa000 	C:\windows\system32\ADVAPI32.dll
0x00007fffc6b40000 - 0x00007fffc6b5e000 	C:\windows\SYSTEM32\MPR.dll
0x00007fffd1980000 - 0x00007fffd1ac1000 	C:\windows\system32\RPCRT4.dll
0x00007fffd1230000 - 0x00007fffd1289000 	C:\windows\SYSTEM32\sechost.dll
0x00007fffcf560000 - 0x00007fffcf771000 	C:\windows\SYSTEM32\combase.dll
0x00007fffd0e60000 - 0x00007fffd0fb0000 	C:\windows\system32\GDI32.dll
0x00007fffcec20000 - 0x00007fffcec35000 	C:\windows\SYSTEM32\profapi.dll
0x00007fffccfe0000 - 0x00007fffcd092000 	C:\windows\SYSTEM32\SHCORE.dll
0x00007fffd1580000 - 0x00007fffd15b6000 	C:\windows\system32\IMM32.DLL
0x00007fffcf400000 - 0x00007fffcf552000 	C:\windows\system32\MSCTF.dll
0x00007fffcc410000 - 0x00007fffcc68b000 	C:\windows\WinSxS\amd64_microsoft.windows.common-controls_6595b64144ccf1df_6.0.9600.18006_none_623f33d3ecbe86e8\COMCTL32.dll
0x00007fffc70f0000 - 0x00007fffc712e000 	C:\Program Files (x86)\NCG\NcgSecurity64_v20140407.dll
0x00007fffc8990000 - 0x00007fffc89c2000 	C:\windows\SYSTEM32\ntmarta.dll
0x0000000068db0000 - 0x0000000068e82000 	C:\Program Files\Java\jdk1.7.0_79\jre\bin\msvcr100.dll
0x00000000690b0000 - 0x0000000069885000 	C:\Program Files\Java\jdk1.7.0_79\jre\bin\server\jvm.dll
0x00007fffab350000 - 0x00007fffab359000 	C:\windows\SYSTEM32\WSOCK32.dll
0x00007fffc7380000 - 0x00007fffc73a2000 	C:\windows\SYSTEM32\WINMM.dll
0x00007fffcf1b0000 - 0x00007fffcf1b7000 	C:\windows\system32\PSAPI.DLL
0x00007fffcf150000 - 0x00007fffcf1aa000 	C:\windows\system32\WS2_32.dll
0x00007fffc7320000 - 0x00007fffc734a000 	C:\windows\SYSTEM32\WINMMBASE.dll
0x00007fffd1970000 - 0x00007fffd1979000 	C:\windows\system32\NSI.dll
0x00007fffcf0a0000 - 0x00007fffcf0ef000 	C:\windows\SYSTEM32\cfgmgr32.dll
0x00007fffcda10000 - 0x00007fffcda38000 	C:\windows\SYSTEM32\DEVOBJ.dll
0x000000006b2c0000 - 0x000000006b2cf000 	C:\Program Files\Java\jdk1.7.0_79\jre\bin\verify.dll
0x000000006a470000 - 0x000000006a498000 	C:\Program Files\Java\jdk1.7.0_79\jre\bin\java.dll
0x000000006a450000 - 0x000000006a465000 	C:\Program Files\Java\jdk1.7.0_79\jre\bin\zip.dll

VM Arguments:
jvm_args: -Djava.awt.headless=true -Xmx1024M -Dfile.encoding=x-windows-949 -Duser.country=CN -Duser.language=zh -Duser.variant 
java_command: com.android.dx.command.Main --dex --num-threads=4 --output C:\Users\SEC\.AndroidStudio1.5\A2_1002751337\app\build\intermediates\pre-dexed\debug\debug_8510ed4d607bf4f62d1abaa54dce01dfe023bdfc.jar C:\Users\SEC\.AndroidStudio1.5\A2_1002751337\app\build\intermediates\classes\debug
Launcher Type: SUN_STANDARD

Environment Variables:
PATH=C:\Program Files (x86)\Intel\iCLS Client\;C:\Program Files\Intel\iCLS Client\;C:\windows\system32;C:\windows;C:\windows\System32\Wbem;C:\windows\System32\WindowsPowerShell\v1.0\;C:\Program Files\Intel\Intel(R) Management Engine Components\DAL;C:\Program Files (x86)\Intel\Intel(R) Management Engine Components\DAL;C:\Program Files\Intel\Intel(R) Management Engine Components\IPT;C:\Program Files (x86)\Intel\Intel(R) Management Engine Components\IPT;C:\Program Files\Samsung\SamsungLink\AllShare Framework DMS\bin\;C:\Program Files (x86)\Skype\Phone\
USERNAME=SEC
OS=Windows_NT
PROCESSOR_IDENTIFIER=Intel64 Family 6 Model 61 Stepping 4, GenuineIntel



---------------  S Y S T E M  ---------------

OS: Windows 8.1 , 64 bit Build 9600 

CPU:total 4 (2 cores per cpu, 2 threads per core) family 6 model 61 stepping 4, cmov, cx8, fxsr, mmx, sse, sse2, sse3, ssse3, sse4.1, sse4.2, popcnt, avx, avx2, aes, erms, ht, tsc, tscinvbit

Memory: 4k page, physical 4107652k(145628k free), swap 7253380k(5132k free)

vm_info: Java HotSpot(TM) 64-Bit Server VM (24.79-b02) for windows-amd64 JRE (1.7.0_79-b15), built on Apr 10 2015 12:36:16 by "java_re" with unknown MS VC++:1600

time: Sun Jan 24 06:54:32 2016
elapsed time: 0 seconds

