#
# There is insufficient memory for the Java Runtime Environment to continue.
# Native memory allocation (malloc) failed to allocate 212176 bytes for Chunk::new
# Possible reasons:
#   The system is out of physical RAM or swap space
#   In 32 bit mode, the process size limit was hit
# Possible solutions:
#   Reduce memory load on the system
#   Increase physical memory or swap space
#   Check if swap backing store is full
#   Use 64 bit Java on a 64 bit OS
#   Decrease Java heap size (-Xmx/-Xms)
#   Decrease number of Java threads
#   Decrease Java thread stack sizes (-Xss)
#   Set larger code cache with -XX:ReservedCodeCacheSize=
# This output file may be truncated or incomplete.
#
#  Out of Memory Error (allocation.cpp:323), pid=8456, tid=9948
#
# JRE version: Java(TM) SE Runtime Environment (7.0_79-b15) (build 1.7.0_79-b15)
# Java VM: Java HotSpot(TM) 64-Bit Server VM (24.79-b02 mixed mode windows-amd64 compressed oops)
# Failed to write core dump. Minidumps are not enabled by default on client versions of Windows
#

---------------  T H R E A D  ---------------

Current thread (0x000000000857e800):  JavaThread "C2 CompilerThread0" daemon [_thread_in_native, id=9948, stack(0x0000000009b10000,0x0000000009c10000)]

Stack: [0x0000000009b10000,0x0000000009c10000]

Current CompileTask:
C2:   2347  162             com.android.dx.ssa.SsaMethod::mapRegisters (87 bytes)


---------------  P R O C E S S  ---------------

Java Threads: ( => current thread )
  0x000000000a1aa800 JavaThread "pool-1-thread-4" [_thread_in_Java, id=13520, stack(0x000000000a710000,0x000000000a810000)]
  0x000000000a1b4000 JavaThread "pool-1-thread-3" [_thread_in_Java, id=13740, stack(0x000000000a610000,0x000000000a710000)]
  0x0000000009fc2000 JavaThread "pool-1-thread-2" [_thread_in_vm, id=10868, stack(0x000000000a510000,0x000000000a610000)]
  0x000000000a17d000 JavaThread "pool-2-thread-1" [_thread_blocked, id=10744, stack(0x000000000a410000,0x000000000a510000)]
  0x000000000a0b4800 JavaThread "pool-1-thread-1" [_thread_in_Java, id=6840, stack(0x000000000a310000,0x000000000a410000)]
  0x000000000858f000 JavaThread "Service Thread" daemon [_thread_blocked, id=11848, stack(0x0000000009d10000,0x0000000009e10000)]
  0x0000000008588800 JavaThread "C2 CompilerThread1" daemon [_thread_in_native, id=12912, stack(0x0000000009c10000,0x0000000009d10000)]
=>0x000000000857e800 JavaThread "C2 CompilerThread0" daemon [_thread_in_native, id=9948, stack(0x0000000009b10000,0x0000000009c10000)]
  0x000000000857d800 JavaThread "Attach Listener" daemon [_thread_blocked, id=10252, stack(0x0000000009a10000,0x0000000009b10000)]
  0x000000000857b000 JavaThread "Signal Dispatcher" daemon [_thread_blocked, id=12104, stack(0x0000000009910000,0x0000000009a10000)]
  0x000000000852f800 JavaThread "Finalizer" daemon [_thread_blocked, id=10024, stack(0x00000000097d0000,0x00000000098d0000)]
  0x0000000008525000 JavaThread "Reference Handler" daemon [_thread_blocked, id=12028, stack(0x00000000096d0000,0x00000000097d0000)]
  0x0000000002660800 JavaThread "main" [_thread_in_Java, id=9476, stack(0x0000000002560000,0x0000000002660000)]

Other Threads:
  0x0000000008520000 VMThread [stack: 0x00000000095d0000,0x00000000096d0000]