#
# There is insufficient memory for the Java Runtime Environment to continue.
# Native memory allocation (malloc) failed to allocate 334992 bytes for Chunk::new
# Possible reasons:
#   The system is out of physical RAM or swap space
#   In 32 bit mode, the process size limit was hit
# Possible solutions:
#   Reduce memory load on the system
#   Increase physical memory or swap space
#   Check if swap backing store is full
#   Use 64 bit Java on a 64 bit OS
#   Decrease Java heap size (-Xmx/-Xms)
#   Decrease number of Java threads
#   Decrease Java thread stack sizes (-Xss)
#   Set larger code cache with -XX:ReservedCodeCacheSize=
# This output file may be truncated or incomplete.
#
#  Out of Memory Error (allocation.cpp:323), pid=12608, tid=6364
#
# JRE version: Java(TM) SE Runtime Environment (7.0_79-b15) (build 1.7.0_79-b15)
# Java VM: Java HotSpot(TM) 64-Bit Server VM (24.79-b02 mixed mode windows-amd64 compressed oops)
# Failed to write core dump. Minidumps are not enabled by default on client versions of Windows
#

---------------  T H R E A D  ---------------

Current thread (0x00000000089b9000):  JavaThread "C2 CompilerThread1" daemon [_thread_in_native, id=6364, stack(0x000000000a020000,0x000000000a120000)]

Stack: [0x000000000a020000,0x000000000a120000]

Current CompileTask:
C2:   3256  434             com.android.dx.ssa.ConstCollector::getConstsSortedByCountUse (386 bytes)


---------------  P R O C E S S  ---------------

Java Threads: ( => current thread )
  0x000000000a672800 JavaThread "pool-1-thread-4" [_thread_blocked, id=3444, stack(0x000000000ab20000,0x000000000ac20000)]
  0x000000000a5af000 JavaThread "pool-1-thread-3" [_thread_blocked, id=13272, stack(0x000000000aa20000,0x000000000ab20000)]
  0x000000000a416800 JavaThread "pool-1-thread-2" [_thread_in_Java, id=13124, stack(0x000000000a920000,0x000000000aa20000)]
  0x000000000a415800 JavaThread "pool-2-thread-1" [_thread_blocked, id=8588, stack(0x000000000a820000,0x000000000a920000)]
  0x000000000a5e5000 JavaThread "pool-1-thread-1" [_thread_in_Java, id=13160, stack(0x000000000a720000,0x000000000a820000)]
  0x00000000089bf800 JavaThread "Service Thread" daemon [_thread_blocked, id=8404, stack(0x000000000a120000,0x000000000a220000)]
=>0x00000000089b9000 JavaThread "C2 CompilerThread1" daemon [_thread_in_native, id=6364, stack(0x000000000a020000,0x000000000a120000)]
  0x00000000089af000 JavaThread "C2 CompilerThread0" daemon [_thread_in_native, id=2492, stack(0x0000000009f20000,0x000000000a020000)]
  0x00000000089ae800 JavaThread "Attach Listener" daemon [_thread_blocked, id=5188, stack(0x0000000009e20000,0x0000000009f20000)]
  0x00000000089ac000 JavaThread "Signal Dispatcher" daemon [_thread_blocked, id=7652, stack(0x0000000009d20000,0x0000000009e20000)]
  0x000000000895f800 JavaThread "Finalizer" daemon [_thread_blocked, id=13240, stack(0x0000000009c20000,0x0000000009d20000)]
  0x0000000008956800 JavaThread "Reference Handler" daemon [_thread_blocked, id=13216, stack(0x0000000009b20000,0x0000000009c20000)]
  0x0000000002a00800 JavaThread "main" [_thread_blocked, id=12204, stack(0x0000000002560000,0x0000000002660000)]

Other Threads:
  0x0000000008951800 VMThread [stack: 0x0000000009a20000,0x0000000009b20000] [id=7128]
  0x00000000089d1000 WatcherThread [stack: 0x000000000a220000,0x000000000a320000] [id=10132]

VM state:not at safepoint (normal execution)

VM Mutex/Monitor currently owned by a thread: None

Heap
 PSYoungGen      total 35328K, used 4869K [0x00000000eaa80000, 0x00000000ecf80000, 0x0000000100000000)
  eden space 32768K, 7% used [0x00000000eaa80000,0x00000000eacc3ee0,0x00000000eca80000)
  from space 2560K, 99% used [0x00000000ecd00000,0x00000000ecf7d558,0x00000000ecf80000)
  to   space 2560K, 0% used [0x00000000eca80000,0x00000000eca80000,0x00000000ecd00000)
 ParOldGen       total 42496K, used 12217K [0x00000000c0000000, 0x00000000c2980000, 0x00000000eaa80000)
  object space 42496K, 28% used [0x00000000c0000000,0x00000000c0bee658,0x00000000c2980000)
 PSPermGen       total 21504K, used 5996K [0x00000000bae00000, 0x00000000bc300000, 0x00000000c0000000)
  object space 21504K, 27% used [0x00000000bae00000,0x00000000bb3db0d8,0x00000000bc300000)

Card table byte_map: [0x0000000005bc0000,0x0000000005df0000] byte_map_base: 0x00000000055e9000

Polling page: 0x0000000000d80000

Code Cache  [0x0000000002b00000, 0x0000000002d70000, 0x0000000005b00000)
 total_blobs=670 nmethods=431 adapters=191 free_code_cache=47481Kb largest_free_block=48577408

Compilation events (10 events):
Event: 3.186 Thread 0x00000000089b9000 nmethod 428 0x0000000002c83010 code [0x0000000002c83160, 0x0000000002c832d8]
Event: 3.186 Thread 0x00000000089b9000  430             com.android.dx.cf.code.BaseMachine::getInitValues (5 bytes)
Event: 3.187 Thread 0x00000000089b9000 nmethod 430 0x0000000002c99a10 code [0x0000000002c99b40, 0x0000000002c99b98]
Event: 3.187 Thread 0x00000000089b9000  431             com.android.dx.cf.code.BaseMachine::getAuxCases (5 bytes)
Event: 3.187 Thread 0x00000000089b9000 nmethod 431 0x0000000002c82dd0 code [0x0000000002c82f00, 0x0000000002c82f58]
Event: 3.187 Thread 0x00000000089b9000  432             com.android.dx.cf.code.Ropper::getRopMethod (64 bytes)
Event: 3.202 Thread 0x00000000089b9000 nmethod 432 0x0000000002ca1e10 code [0x0000000002ca1fe0, 0x0000000002ca26f8]
Event: 3.202 Thread 0x00000000089b9000  433             com.android.dx.rop.type.Type::isConstant (2 bytes)
Event: 3.202 Thread 0x00000000089b9000 nmethod 433 0x0000000002c965d0 code [0x0000000002c96700, 0x0000000002c96758]
Event: 3.202 Thread 0x00000000089b9000  434             com.android.dx.ssa.ConstCollector::getConstsSortedByCountUse (386 bytes)

GC Heap History (8 events):
Event: 0.452 GC heap before
{Heap before GC invocations=1 (full 0):
 PSYoungGen      total 18944K, used 16384K [0x00000000eaa80000, 0x00000000ebf80000, 0x0000000100000000)
  eden space 16384K, 100% used [0x00000000eaa80000,0x00000000eba80000,0x00000000eba80000)
  from space 2560K, 0% used [0x00000000ebd00000,0x00000000ebd00000,0x00000000ebf80000)
  to   space 2560K, 0% used [0x00000000eba80000,0x00000000eba80000,0x00000000ebd00000)
 ParOldGen       total 42496K, used 0K [0x00000000c0000000, 0x00000000c2980000, 0x00000000eaa80000)
  object space 42496K, 0% used [0x00000000c0000000,0x00000000c0000000,0x00000000c2980000)
 PSPermGen       total 21504K, used 4212K [0x00000000bae00000, 0x00000000bc300000, 0x00000000c0000000)
  object space 21504K, 19% used [0x00000000bae00000,0x00000000bb21d388,0x00000000bc300000)
Event: 0.462 GC heap after
Heap after GC invocations=1 (full 0):
 PSYoungGen      total 18944K, used 1694K [0x00000000eaa80000, 0x00000000ecf80000, 0x0000000100000000)
  eden space 16384K, 0% used [0x00000000eaa80000,0x00000000eaa80000,0x00000000eba80000)
  from space 2560K, 66% used [0x00000000eba80000,0x00000000ebc278d8,0x00000000ebd00000)
  to   space 2560K, 0% used [0x00000000ecd00000,0x00000000ecd00000,0x00000000ecf80000)
 ParOldGen       total 42496K, used 8K [0x00000000c0000000, 0x00000000c2980000, 0x00000000eaa80000)
  object space 42496K, 0% used [0x00000000c0000000,0x00000000c0002000,0x00000000c2980000)
 PSPermGen       total 21504K, used 4212K [0x00000000bae00000, 0x00000000bc300000, 0x00000000c0000000)
  object space 21504K, 19% used [0x00000000bae00000,0x00000000bb21d388,0x00000000bc300000)
}
Event: 1.175 GC heap before
{Heap before GC invocations=2 (full 0):
 PSYoungGen      total 18944K, used 18078K [0x00000000eaa80000, 0x00000000ecf80000, 0x0000000100000000)
  eden space 16384K, 100% used [0x00000000eaa80000,0x00000000eba80000,0x00000000eba80000)
  from space 2560K, 66% used [0x00000000eba80000,0x00000000ebc278d8,0x00000000ebd00000)
  to   space 2560K, 0% used [0x00000000ecd00000,0x00000000ecd00000,0x00000000ecf80000)
 ParOldGen       total 42496K, used 8K [0x00000000c0000000, 0x00000000c2980000, 0x00000000eaa80000)
  object space 42496K, 0% used [0x00000000c0000000,0x00000000c0002000,0x00000000c2980000)
 PSPermGen       total 21504K, used 5801K [0x00000000bae00000, 0x00000000bc300000, 0x00000000c0000000)
  object space 21504K, 26% used [0x00000000bae00000,0x00000000bb3aa740,0x00000000bc300000)
Event: 1.190 GC heap after
Heap after GC invocations=2 (full 0):
 PSYoungGen      total 35328K, used 2555K [0x00000000eaa80000, 0x00000000ecf80000, 0x0000000100000000)
  eden space 32768K, 0% used [0x00000000eaa80000,0x00000000eaa80000,0x00000000eca80000)
  from space 2560K, 99% used [0x00000000ecd00000,0x00000000ecf7efd8,0x00000000ecf80000)
  to   space 2560K, 0% used [0x00000000eca80000,0x00000000eca80000,0x00000000ecd00000)
 ParOldGen       total 42496K, used 2376K [0x00000000c0000000, 0x00000000c2980000, 0x00000000eaa80000)
  object space 42496K, 5% used [0x00000000c0000000,0x00000000c02521b0,0x00000000c2980000)
 PSPermGen       total 21504K, used 5801K [0x00000000bae00000, 0x00000000bc300000, 0x00000000c0000000)
  object space 21504K, 26% used [0x00000000bae00000,0x00000000bb3aa740,0x00000000bc300000)
}
Event: 2.075 GC heap before
{Heap before GC invocations=3 (full 0):
 PSYoungGen      total 35328K, used 35323K [0x00000000eaa80000, 0x00000000ecf80000, 0x0000000100000000)
  eden space 32768K, 100% used [0x00000000eaa80000,0x00000000eca80000,0x00000000eca80000)
  from space 2560K, 99% used [0x00000000ecd00000,0x00000000ecf7efd8,0x00000000ecf80000)
  to   space 2560K, 0% used [0x00000000eca80000,0x00000000eca80000,0x00000000ecd00000)
 ParOldGen       total 42496K, used 2376K [0x00000000c0000000, 0x00000000c2980000, 0x00000000eaa80000)
  object space 42496K, 5% used [0x00000000c0000000,0x00000000c02521b0,0x00000000c2980000)
 PSPermGen       total 21504K, used 5963K [0x00000000bae00000, 0x00000000bc300000, 0x00000000c0000000)
  object space 21504K, 27% used [0x00000000bae00000,0x00000000bb3d2e60,0x00000000bc300000)
Event: 2.099 GC heap after
Heap after GC invocations=3 (full 0):
 PSYoungGen      total 35328K, used 2549K [0x00000000eaa80000, 0x00000000ecf80000, 0x0000000100000000)
  eden space 32768K, 0% used [0x00000000eaa80000,0x00000000eaa80000,0x00000000eca80000)
  from space 2560K, 99% used [0x00000000eca80000,0x00000000eccfd590,0x00000000ecd00000)
  to   space 2560K, 0% used [0x00000000ecd00000,0x00000000ecd00000,0x00000000ecf80000)
 ParOldGen       total 42496K, used 7714K [0x00000000c0000000, 0x00000000c2980000, 0x00000000eaa80000)
  object space 42496K, 18% used [0x00000000c0000000,0x00000000c0788bb8,0x00000000c2980000)
 PSPermGen       total 21504K, used 5963K [0x00000000bae00000, 0x00000000bc300000, 0x00000000c0000000)
  object space 21504K, 27% used [0x00000000bae00000,0x00000000bb3d2e60,0x00000000bc300000)
}
Event: 3.203 GC heap before
{Heap before GC invocations=4 (full 0):
 PSYoungGen      total 35328K, used 35317K [0x00000000eaa80000, 0x00000000ecf80000, 0x0000000100000000)
  eden space 32768K, 100% used [0x00000000eaa80000,0x00000000eca80000,0x00000000eca80000)
  from space 2560K, 99% used [0x00000000eca80000,0x00000000eccfd590,0x00000000ecd00000)
  to   space 2560K, 0% used [0x00000000ecd00000,0x00000000ecd00000,0x00000000ecf80000)
 ParOldGen       total 42496K, used 7714K [0x00000000c0000000, 0x00000000c2980000, 0x00000000eaa80000)
  object space 42496K, 18% used [0x00000000c0000000,0x00000000c0788bb8,0x00000000c2980000)
 PSPermGen       total 21504K, used 5994K [0x00000000bae00000, 0x00000000bc300000, 0x00000000c0000000)
  object space 21504K, 27% used [0x00000000bae00000,0x00000000bb3dabc0,0x00000000bc300000)
Event: 3.229 GC heap after
Heap after GC invocations=4 (full 0):
 PSYoungGen      total 35328K, used 2549K [0x00000000eaa80000, 0x00000000ecf80000, 0x0000000100000000)
  eden space 32768K, 0% used [0x00000000eaa80000,0x00000000eaa80000,0x00000000eca80000)
  from space 2560K, 99% used [0x00000000ecd00000,0x00000000ecf7d558,0x00000000ecf80000)
  to   space 2560K, 0% used [0x00000000eca80000,0x00000000eca80000,0x00000000ecd00000)
 ParOldGen       total 42496K, used 12217K [0x00000000c0000000, 0x00000000c2980000, 0x00000000eaa80000)
  object space 42496K, 28% used [0x00000000c0000000,0x00000000c0bee658,0x00000000c2980000)
 PSPermGen       total 21504K, used 5994K [0x00000000bae00000, 0x00000000bc300000, 0x00000000c0000000)
  object space 21504K, 27% used [0x00000000bae00000,0x00000000bb3dabc0,0x00000000bc300000)
}

Deoptimization events (10 events):
Event: 3.071 Thread 0x000000000a5e5000 Uncommon trap: reason=bimorphic action=maybe_recompile pc=0x0000000002c32e80 method=com.android.dx.cf.code.BytecodeArray.parseInstruction(ILcom/android/dx/cf/code/BytecodeArray$Visitor;)I @ 1224
Event: 3.071 Thread 0x000000000a5e5000 Uncommon trap: reason=bimorphic action=maybe_recompile pc=0x0000000002c328ac method=com.android.dx.cf.code.BytecodeArray.parseInstruction(ILcom/android/dx/cf/code/BytecodeArray$Visitor;)I @ 923
Event: 3.071 Thread 0x000000000a5e5000 Uncommon trap: reason=bimorphic action=maybe_recompile pc=0x0000000002c32e80 method=com.android.dx.cf.code.BytecodeArray.parseInstruction(ILcom/android/dx/cf/code/BytecodeArray$Visitor;)I @ 1224
Event: 3.071 Thread 0x000000000a5e5000 Uncommon trap: reason=unreached action=reinterpret pc=0x0000000002c87e04 method=com.android.dx.cf.code.RopperMachine.run(Lcom/android/dx/cf/code/Frame;II)V @ 1500
Event: 3.072 Thread 0x000000000a5e5000 Uncommon trap: reason=class_check action=maybe_recompile pc=0x0000000002c104cc method=com.android.dx.cf.code.Ropper.processBlock(Lcom/android/dx/cf/code/ByteBlock;Lcom/android/dx/cf/code/Frame;[I)V @ 777
Event: 3.195 Thread 0x000000000a5af000 Uncommon trap: reason=class_check action=maybe_recompile pc=0x0000000002ca6e08 method=com.android.dx.ssa.back.FirstFitLocalCombiningAllocator.findNextUnreservedRopReg(IILcom/android/dx/ssa/back/FirstFitLocalCombiningAllocator$Alignment;)I @ 6
Event: 3.252 Thread 0x000000000a5e5000 Uncommon trap: reason=class_check action=maybe_recompile pc=0x0000000002bd383c method=java.util.HashMap.put(Ljava/lang/Object;Ljava/lang/Object;)Ljava/lang/Object; @ 83
Event: 3.252 Thread 0x000000000a5e5000 Uncommon trap: reason=class_check action=maybe_recompile pc=0x0000000002bd383c method=java.util.HashMap.put(Ljava/lang/Object;Ljava/lang/Object;)Ljava/lang/Object; @ 83
Event: 3.252 Thread 0x000000000a5e5000 Uncommon trap: reason=class_check action=maybe_recompile pc=0x0000000002bd383c method=java.util.HashMap.put(Ljava/lang/Object;Ljava/lang/Object;)Ljava/lang/Object; @ 83
Event: 3.252 Thread 0x000000000a5e5000 Uncommon trap: reason=class_check action=maybe_recompile pc=0x0000000002bd383c method=java.util.HashMap.put(Ljava/lang/Object;Ljava/lang/Object;)Ljava/lang/Object; @ 83

Internal exceptions (10 events):
Event: 0.680 Thread 0x0000000002a00800 Threw 0x00000000eaf96b10 at C:\re\jdk7u79\2331\hotspot\src\share\vm\prims\jvm.cpp:1304
Event: 0.693 Thread 0x000000000a416800 Threw 0x00000000eb0eb520 at C:\re\jdk7u79\2331\hotspot\src\share\vm\prims\jvm.cpp:1304
Event: 0.779 Thread 0x0000000002a00800 Threw 0x00000000eb2b1698 at C:\re\jdk7u79\2331\hotspot\src\share\vm\prims\jvm.cpp:1304
Event: 0.779 Thread 0x0000000002a00800 Threw 0x00000000eb2b3a10 at C:\re\jdk7u79\2331\hotspot\src\share\vm\prims\jvm.cpp:1304
Event: 0.817 Thread 0x000000000a672800 Threw 0x00000000eb2f5170 at C:\re\jdk7u79\2331\hotspot\src\share\vm\prims\jvm.cpp:1304
Event: 0.978 Thread 0x000000000a672800 Implicit null exception at 0x0000000002b8d168 to 0x0000000002b8d539
Event: 0.982 Thread 0x0000000002a00800 Threw 0x00000000eb432190 at C:\re\jdk7u79\2331\hotspot\src\share\vm\prims\jvm.cpp:1304
Event: 1.233 Thread 0x000000000a5e5000 Threw 0x00000000ead8bff8 at C:\re\jdk7u79\2331\hotspot\src\share\vm\prims\jvm.cpp:1304
Event: 2.920 Thread 0x0000000002a00800 Implicit null exception at 0x0000000002bc836b to 0x0000000002bc8a4d
Event: 3.079 Thread 0x000000000a5af000 Threw 0x00000000ec865300 at C:\re\jdk7u79\2331\hotspot\src\share\vm\prims\jvm.cpp:1304

Events (10 events):
Event: 3.252 Thread 0x000000000a5e5000 DEOPT UNPACKING pc=0x0000000002b375a4 sp=0x000000000a81ec68 mode 2
Event: 3.252 Thread 0x000000000a5e5000 Uncommon trap: trap_request=0xffffffde fr.pc=0x0000000002bd383c
Event: 3.252 Thread 0x000000000a5e5000 DEOPT PACKING pc=0x0000000002bd383c sp=0x000000000a81ecc0
Event: 3.252 Thread 0x000000000a5e5000 DEOPT UNPACKING pc=0x0000000002b375a4 sp=0x000000000a81ec68 mode 2
Event: 3.252 Thread 0x000000000a5e5000 Uncommon trap: trap_request=0xffffffde fr.pc=0x0000000002bd383c
Event: 3.252 Thread 0x000000000a5e5000 DEOPT PACKING pc=0x0000000002bd383c sp=0x000000000a81ecc0
Event: 3.252 Thread 0x000000000a5e5000 DEOPT UNPACKING pc=0x0000000002b375a4 sp=0x000000000a81ec68 mode 2
Event: 3.252 Thread 0x000000000a5e5000 Uncommon trap: trap_request=0xffffffde fr.pc=0x0000000002bd383c
Event: 3.252 Thread 0x000000000a5e5000 DEOPT PACKING pc=0x0000000002bd383c sp=0x000000000a81ecc0
Event: 3.252 Thread 0x000000000a5e5000 DEOPT UNPACKING pc=0x0000000002b375a4 sp=0x000000000a81ec68 mode 2


Dynamic libraries:
0x00007ff6a74c0000 - 0x00007ff6a74f3000 	C:\Program Files\Java\jdk1.7.0_79\bin\java.exe
0x00007fffd1ad0000 - 0x00007fffd1c7c000 	C:\windows\SYSTEM32\ntdll.dll
0x00007fffd1290000 - 0x00007fffd13ce000 	C:\windows\system32\KERNEL32.DLL
0x00007fffceed0000 - 0x00007fffcefe5000 	C:\windows\system32\KERNELBASE.dll
0x00007fffcd7c0000 - 0x00007fffcd84e000 	C:\windows\system32\apphelp.dll
0x00007fffc1760000 - 0x00007fffc17b3000 	C:\windows\AppPatch\AppPatch64\AcGenral.DLL
0x00007fffd17a0000 - 0x00007fffd184a000 	C:\windows\system32\msvcrt.dll
0x00007fffce9f0000 - 0x00007fffcea1e000 	C:\windows\SYSTEM32\SspiCli.dll
0x00007fffd1010000 - 0x00007fffd1064000 	C:\windows\system32\SHLWAPI.dll
0x00007fffcf1c0000 - 0x00007fffcf337000 	C:\windows\system32\USER32.dll
0x00007fffd13e0000 - 0x00007fffd1574000 	C:\windows\system32\ole32.dll
0x00007fffcf930000 - 0x00007fffd0e5b000 	C:\windows\system32\SHELL32.dll
0x00007fffce1c0000 - 0x00007fffce1e1000 	C:\windows\SYSTEM32\USERENV.dll
0x00007fffd1850000 - 0x00007fffd18fa000 	C:\windows\system32\ADVAPI32.dll
0x00007fffc6b40000 - 0x00007fffc6b5e000 	C:\windows\SYSTEM32\MPR.dll
0x00007fffd1980000 - 0x00007fffd1ac1000 	C:\windows\system32\RPCRT4.dll
0x00007fffd1230000 - 0x00007fffd1289000 	C:\windows\SYSTEM32\sechost.dll
0x00007fffcf560000 - 0x00007fffcf771000 	C:\windows\SYSTEM32\combase.dll
0x00007fffd0e60000 - 0x00007fffd0fb0000 	C:\windows\system32\GDI32.dll
0x00007fffcec20000 - 0x00007fffcec35000 	C:\windows\SYSTEM32\profapi.dll
0x00007fffccfe0000 - 0x00007fffcd092000 	C:\windows\SYSTEM32\SHCORE.dll
0x00007fffd1580000 - 0x00007fffd15b6000 	C:\windows\system32\IMM32.DLL
0x00007fffcf400000 - 0x00007fffcf552000 	C:\windows\system32\MSCTF.dll
0x00007fffcc410000 - 0x00007fffcc68b000 	C:\windows\WinSxS\amd64_microsoft.windows.common-controls_6595b64144ccf1df_6.0.9600.18006_none_623f33d3ecbe86e8\COMCTL32.dll
0x00007fffc70f0000 - 0x00007fffc712e000 	C:\Program Files (x86)\NCG\NcgSecurity64_v20140407.dll
0x00007fffc8990000 - 0x00007fffc89c2000 	C:\windows\SYSTEM32\ntmarta.dll
0x0000000068d90000 - 0x0000000068e62000 	C:\Program Files\Java\jdk1.7.0_79\jre\bin\msvcr100.dll
0x00000000690b0000 - 0x0000000069885000 	C:\Program Files\Java\jdk1.7.0_79\jre\bin\server\jvm.dll
0x00007fffab350000 - 0x00007fffab359000 	C:\windows\SYSTEM32\WSOCK32.dll
0x00007fffc7380000 - 0x00007fffc73a2000 	C:\windows\SYSTEM32\WINMM.dll
0x00007fffcf1b0000 - 0x00007fffcf1b7000 	C:\windows\system32\PSAPI.DLL
0x00007fffcf150000 - 0x00007fffcf1aa000 	C:\windows\system32\WS2_32.dll
0x00007fffc7320000 - 0x00007fffc734a000 	C:\windows\SYSTEM32\WINMMBASE.dll
0x00007fffd1970000 - 0x00007fffd1979000 	C:\windows\system32\NSI.dll
0x00007fffcf0a0000 - 0x00007fffcf0ef000 	C:\windows\SYSTEM32\cfgmgr32.dll
0x00007fffcda10000 - 0x00007fffcda38000 	C:\windows\SYSTEM32\DEVOBJ.dll
0x000000006b2c0000 - 0x000000006b2cf000 	C:\Program Files\Java\jdk1.7.0_79\jre\bin\verify.dll
0x000000006a470000 - 0x000000006a498000 	C:\Program Files\Java\jdk1.7.0_79\jre\bin\java.dll
0x000000006a450000 - 0x000000006a465000 	C:\Program Files\Java\jdk1.7.0_79\jre\bin\zip.dll
0x000000006a430000 - 0x000000006a44a000 	C:\Program Files\Java\jdk1.7.0_79\jre\bin\net.dll
0x00007fffce430000 - 0x00007fffce489000 	C:\windows\system32\mswsock.dll
0x000000006a410000 - 0x000000006a421000 	C:\Program Files\Java\jdk1.7.0_79\jre\bin\nio.dll

VM Arguments:
jvm_args: -Djava.awt.headless=true -Xmx1024M -Dfile.encoding=x-windows-949 -Duser.country=CN -Duser.language=zh -Duser.variant 
java_command: com.android.dx.command.Main --dex --num-threads=4 --output C:\Users\SEC\.AndroidStudio1.5\A2_1002751337\app\build\intermediates\pre-dexed\debug\com.android.support-support-v4-23.1.1_52abc2142cdb1233714acc04346695d154bfa23d.jar C:\Users\SEC\.AndroidStudio1.5\A2_1002751337\app\build\intermediates\exploded-aar\com.android.support\support-v4\23.1.1\jars\classes.jar
Launcher Type: SUN_STANDARD

Environment Variables:
PATH=C:\Program Files (x86)\Intel\iCLS Client\;C:\Program Files\Intel\iCLS Client\;C:\windows\system32;C:\windows;C:\windows\System32\Wbem;C:\windows\System32\WindowsPowerShell\v1.0\;C:\Program Files\Intel\Intel(R) Management Engine Components\DAL;C:\Program Files (x86)\Intel\Intel(R) Management Engine Components\DAL;C:\Program Files\Intel\Intel(R) Management Engine Components\IPT;C:\Program Files (x86)\Intel\Intel(R) Management Engine Components\IPT;C:\Program Files\Samsung\SamsungLink\AllShare Framework DMS\bin\;C:\Program Files (x86)\Skype\Phone\
USERNAME=SEC
OS=Windows_NT
PROCESSOR_IDENTIFIER=Intel64 Family 6 Model 61 Stepping 4, GenuineIntel



---------------  S Y S T E M  ---------------

OS: Windows 8.1 , 64 bit Build 9600 

CPU:total 4 (2 cores per cpu, 2 threads per core) family 6 model 61 stepping 4, cmov, cx8, fxsr, mmx, sse, sse2, sse3, ssse3, sse4.1, sse4.2, popcnt, avx, avx2, aes, erms, ht, tsc, tscinvbit

Memory: 4k page, physical 4107652k(321360k free), swap 7253380k(5820k free)

vm_info: Java HotSpot(TM) 64-Bit Server VM (24.79-b02) for windows-amd64 JRE (1.7.0_79-b15), built on Apr 10 2015 12:36:16 by "java_re" with unknown MS VC++:1600

time: Sun Jan 24 10:29:44 2016
elapsed time: 3 seconds

